<?xml version="1.0" encoding="UTF-8"?>
<!-- Generated by org.testng.reporters.JUnitReportReporter -->
<testsuite skipped="0" hostname="DESKTOP-R1JE51T" name="tests.ParallelExecution" tests="3" failures="0" timestamp="12 Jul 2020 19:51:47 GMT" time="16.471" errors="0">
  <testcase name="internetExpBrowser" time="0.016" classname="tests.ParallelExecution"/>
  <testcase name="fireFoxBrowser" time="8.228" classname="tests.ParallelExecution"/>
  <testcase name="chromeBrowser" time="8.227" classname="tests.ParallelExecution"/>
</testsuite> <!-- tests.ParallelExecution -->
