<?xml version="1.0" encoding="UTF-8"?>
<!-- Generated by org.testng.reporters.JUnitReportReporter -->
<testsuite skipped="0" hostname="DESKTOP-R1JE51T" name="tests.TestNGConcepts" tests="15" failures="0" timestamp="12 Jul 2020 19:17:47 GMT" time="0.024" errors="0">
  <testcase name="checkTitle" time="0.002" classname="tests.TestNGConcepts"/>
  <testcase name="logout" time="0.001" classname="tests.TestNGConcepts"/>
  <testcase name="checkTitle" time="0.002" classname="tests.TestNGConcepts"/>
  <testcase name="checkTitle" time="0.000" classname="tests.TestNGConcepts"/>
  <testcase name="checkTitle" time="0.001" classname="tests.TestNGConcepts"/>
  <testcase name="checkTitle" time="0.001" classname="tests.TestNGConcepts"/>
  <testcase name="checkTitle" time="0.001" classname="tests.TestNGConcepts"/>
  <testcase name="customerPage" time="0.002" classname="tests.TestNGConcepts"/>
  <testcase name="checkTitle" time="0.001" classname="tests.TestNGConcepts"/>
  <testcase name="checkTitle" time="0.001" classname="tests.TestNGConcepts"/>
  <testcase name="checkTitle" time="0.001" classname="tests.TestNGConcepts"/>
  <testcase name="signIn" time="0.001" classname="tests.TestNGConcepts"/>
  <testcase name="checkTitle" time="0.001" classname="tests.TestNGConcepts"/>
  <testcase name="homePage" time="0.000" classname="tests.TestNGConcepts"/>
  <testcase name="dashboard" time="0.009" classname="tests.TestNGConcepts"/>
</testsuite> <!-- tests.TestNGConcepts -->
